Info: Generated by version: 18.0 build 219
Info: Starting: Create simulation model
Info: qsys-generate F:\Dropbox\CAAD_Server\MD_RL_Pipeline\Ethan_RL_Pipeline_1st_Order_SingleFloat_18.0\IP_Cores\FP_LessThan.ip --simulation=VERILOG --allow-mixed-language-simulation --output-directory=F:\Dropbox\CAAD_Server\MD_RL_Pipeline\Ethan_RL_Pipeline_1st_Order_SingleFloat_18.0\IP_Cores\FP_LessThan --family="Stratix 10" --part=1SG280LU2F50E2VG
Info: FP_LessThan.fp_functions_0: D:/Program_Files/altera/18.0pro/quartus/dspba/backend/windows64/cmdPolyEval -target Stratix10 -frequency 400 -name none -noChanValid -enableHardFP 1 -printMachineReadable -noFileGenerate -speedgrade 2 FPCompare 8 23 -2
Info: FP_LessThan.fp_functions_0: D:/Program_Files/altera/18.0pro/quartus/dspba/backend/windows64/cmdPolyEval -target Stratix10 -frequency 400 -name none -noChanValid -enableHardFP 1 -printMachineReadable -noFileGenerate -speedgrade 2 FPCompare 8 23 -2
Info: FP_LessThan: "Transforming system: FP_LessThan"
Info: FP_LessThan: Running transform generation_view_transform
Info: FP_LessThan: Running transform generation_view_transform took 0.001s
Info: fp_functions_0: Running transform generation_view_transform
Info: fp_functions_0: Running transform generation_view_transform took 0.000s
Info: FP_LessThan: Running transform interconnect_transform_chooser
Info: FP_LessThan: Running transform interconnect_transform_chooser took 0.081s
Info: FP_LessThan: "Naming system components in system: FP_LessThan"
Info: FP_LessThan: "Processing generation queue"
Info: FP_LessThan: "Generating: FP_LessThan"
Info: FP_LessThan: "Generating: FP_LessThan_altera_fp_functions_180_yaat3mq"
Info: fp_functions_0: D:/Program_Files/altera/18.0pro/quartus/dspba/backend/windows64/cmdPolyEval -target Stratix10 -frequency 400 -name FP_LessThan_altera_fp_functions_180_yaat3mq -noChanValid -enableHardFP 1 -printMachineReadable -lang VHDL -speedgrade 2 FPCompare 8 23 -2
Info: fp_functions_0: Latency on Stratix 10 is 4 cycles
Info: fp_functions_0: DSP Blocks Used: 0
Info: fp_functions_0: LUTs Used: 155
Info: fp_functions_0: Memory Bits Used: 0
Info: fp_functions_0: Memory Blocks Used: 0
Info: FP_LessThan: Done "FP_LessThan" with 2 modules, 4 files
Info: Generating the following file(s) for MODELSIM simulator in F:/Dropbox/CAAD_Server/MD_RL_Pipeline/Ethan_RL_Pipeline_1st_Order_SingleFloat_18.0/IP_Cores/FP_LessThan/sim/ directory:
Info: 	common/modelsim_files.tcl
Info: Generating the following file(s) for RIVIERA simulator in F:/Dropbox/CAAD_Server/MD_RL_Pipeline/Ethan_RL_Pipeline_1st_Order_SingleFloat_18.0/IP_Cores/FP_LessThan/sim/ directory:
Info: 	common/riviera_files.tcl
Info: For information on how to simulate your IP, see the explanatory comments in the simulator-specific subdirectories under F:/Dropbox/CAAD_Server/MD_RL_Pipeline/Ethan_RL_Pipeline_1st_Order_SingleFloat_18.0/IP_Cores/FP_LessThan/sim/.
Info: Regenerate these scripts whenever you make any change to any Quartus-generated IP in your project.
Info: qsys-generate succeeded.
Info: Finished: Create simulation model
Info: Starting: Create Modelsim Project.
Info: sim-script-gen --system-file=F:\Dropbox\CAAD_Server\MD_RL_Pipeline\Ethan_RL_Pipeline_1st_Order_SingleFloat_18.0\IP_Cores\FP_LessThan.ip --output-directory=F:/Dropbox/CAAD_Server/MD_RL_Pipeline/Ethan_RL_Pipeline_1st_Order_SingleFloat_18.0/IP_Cores/FP_LessThan/sim/ --use-relative-paths=true
Info: Generating the following file(s) for MODELSIM simulator in F:/Dropbox/CAAD_Server/MD_RL_Pipeline/Ethan_RL_Pipeline_1st_Order_SingleFloat_18.0/IP_Cores/FP_LessThan/sim/ directory:
Info: 	mentor/msim_setup.tcl
Info: Generating the following file(s) for RIVIERA simulator in F:/Dropbox/CAAD_Server/MD_RL_Pipeline/Ethan_RL_Pipeline_1st_Order_SingleFloat_18.0/IP_Cores/FP_LessThan/sim/ directory:
Info: 	aldec/rivierapro_setup.tcl
Info: For information on how to simulate your IP, see the explanatory comments in the simulator-specific subdirectories under F:/Dropbox/CAAD_Server/MD_RL_Pipeline/Ethan_RL_Pipeline_1st_Order_SingleFloat_18.0/IP_Cores/FP_LessThan/sim/.
Info: Regenerate these scripts whenever you make any change to any Quartus-generated IP in your project.
Info: Finished: Create Modelsim Project.
Info: Starting: Create block symbol file (.bsf)
Info: qsys-generate F:\Dropbox\CAAD_Server\MD_RL_Pipeline\Ethan_RL_Pipeline_1st_Order_SingleFloat_18.0\IP_Cores\FP_LessThan.ip --block-symbol-file --output-directory=F:\Dropbox\CAAD_Server\MD_RL_Pipeline\Ethan_RL_Pipeline_1st_Order_SingleFloat_18.0\IP_Cores\FP_LessThan --family="Stratix 10" --part=1SG280LU2F50E2VG
Info: FP_LessThan.fp_functions_0: D:/Program_Files/altera/18.0pro/quartus/dspba/backend/windows64/cmdPolyEval -target Stratix10 -frequency 400 -name none -noChanValid -enableHardFP 1 -printMachineReadable -noFileGenerate -speedgrade 2 FPCompare 8 23 -2
Info: FP_LessThan.fp_functions_0: D:/Program_Files/altera/18.0pro/quartus/dspba/backend/windows64/cmdPolyEval -target Stratix10 -frequency 400 -name none -noChanValid -enableHardFP 1 -printMachineReadable -noFileGenerate -speedgrade 2 FPCompare 8 23 -2
Info: qsys-generate succeeded.
Info: Finished: Create block symbol file (.bsf)
Info: 
Info: Starting: Create HDL design files for synthesis
Info: qsys-generate F:\Dropbox\CAAD_Server\MD_RL_Pipeline\Ethan_RL_Pipeline_1st_Order_SingleFloat_18.0\IP_Cores\FP_LessThan.ip --synthesis=VERILOG --output-directory=F:\Dropbox\CAAD_Server\MD_RL_Pipeline\Ethan_RL_Pipeline_1st_Order_SingleFloat_18.0\IP_Cores\FP_LessThan --family="Stratix 10" --part=1SG280LU2F50E2VG
Info: FP_LessThan.fp_functions_0: D:/Program_Files/altera/18.0pro/quartus/dspba/backend/windows64/cmdPolyEval -target Stratix10 -frequency 400 -name none -noChanValid -enableHardFP 1 -printMachineReadable -noFileGenerate -speedgrade 2 FPCompare 8 23 -2
Info: FP_LessThan.fp_functions_0: D:/Program_Files/altera/18.0pro/quartus/dspba/backend/windows64/cmdPolyEval -target Stratix10 -frequency 400 -name none -noChanValid -enableHardFP 1 -printMachineReadable -noFileGenerate -speedgrade 2 FPCompare 8 23 -2
Info: FP_LessThan: "Transforming system: FP_LessThan"
Info: FP_LessThan: Running transform generation_view_transform
Info: FP_LessThan: Running transform generation_view_transform took 0.000s
Info: fp_functions_0: Running transform generation_view_transform
Info: fp_functions_0: Running transform generation_view_transform took 0.000s
Info: FP_LessThan: Running transform interconnect_transform_chooser
Info: FP_LessThan: Running transform interconnect_transform_chooser took 0.014s
Info: FP_LessThan: "Naming system components in system: FP_LessThan"
Info: FP_LessThan: "Processing generation queue"
Info: FP_LessThan: "Generating: FP_LessThan"
Info: FP_LessThan: "Generating: FP_LessThan_altera_fp_functions_180_yaat3mq"
Info: fp_functions_0: D:/Program_Files/altera/18.0pro/quartus/dspba/backend/windows64/cmdPolyEval -target Stratix10 -frequency 400 -name FP_LessThan_altera_fp_functions_180_yaat3mq -noChanValid -enableHardFP 1 -printMachineReadable -lang VHDL -speedgrade 2 FPCompare 8 23 -2
Info: fp_functions_0: Latency on Stratix 10 is 4 cycles
Info: fp_functions_0: DSP Blocks Used: 0
Info: fp_functions_0: LUTs Used: 155
Info: fp_functions_0: Memory Bits Used: 0
Info: fp_functions_0: Memory Blocks Used: 0
Info: FP_LessThan: Done "FP_LessThan" with 2 modules, 4 files
Info: qsys-generate succeeded.
Info: Finished: Create HDL design files for synthesis
Info: Starting: Generate IP Core Documentation
Info: No documentation filesets were found for components in FP_LessThan. No files generated.
Info: Finished: Generate IP Core Documentation
