Info: Generated by version: 18.0 build 219
Info: Starting: Create simulation model
Info: qsys-generate F:\Dropbox\CAAD_Server\MD_RL_Pipeline\Ethan_RL_Pipeline_1st_Order_SingleFloat_18.0\IP_Cores\Int_Mul_Add.ip --simulation=VERILOG --allow-mixed-language-simulation --output-directory=F:\Dropbox\CAAD_Server\MD_RL_Pipeline\Ethan_RL_Pipeline_1st_Order_SingleFloat_18.0\IP_Cores\Int_Mul_Add --family="Stratix 10" --part=1SG280LU2F50E2VG
Info: Int_Mul_Add.mult_add_0: chainout adder operation type is ignored when chainout adder is disabled
Info: Int_Mul_Add: "Transforming system: Int_Mul_Add"
Info: Int_Mul_Add: Running transform generation_view_transform
Info: Int_Mul_Add: Running transform generation_view_transform took 0.002s
Info: mult_add_0: Running transform generation_view_transform
Info: mult_add_0: Running transform generation_view_transform took 0.000s
Info: Int_Mul_Add: Running transform interconnect_transform_chooser
Info: Int_Mul_Add: Running transform interconnect_transform_chooser took 0.080s
Info: Int_Mul_Add: "Naming system components in system: Int_Mul_Add"
Info: Int_Mul_Add: "Processing generation queue"
Info: Int_Mul_Add: "Generating: Int_Mul_Add"
Info: Int_Mul_Add: "Generating: Int_Mul_Add_altera_mult_add_180_7hdzzqq"
Info: mult_add_0: generating top-level entity Int_Mul_Add_altera_mult_add_180_7hdzzqq
Info: Int_Mul_Add: Done "Int_Mul_Add" with 2 modules, 2 files
Info: Generating the following file(s) for MODELSIM simulator in F:/Dropbox/CAAD_Server/MD_RL_Pipeline/Ethan_RL_Pipeline_1st_Order_SingleFloat_18.0/IP_Cores/Int_Mul_Add/sim/ directory:
Info: 	common/modelsim_files.tcl
Info: Generating the following file(s) for RIVIERA simulator in F:/Dropbox/CAAD_Server/MD_RL_Pipeline/Ethan_RL_Pipeline_1st_Order_SingleFloat_18.0/IP_Cores/Int_Mul_Add/sim/ directory:
Info: 	common/riviera_files.tcl
Info: For information on how to simulate your IP, see the explanatory comments in the simulator-specific subdirectories under F:/Dropbox/CAAD_Server/MD_RL_Pipeline/Ethan_RL_Pipeline_1st_Order_SingleFloat_18.0/IP_Cores/Int_Mul_Add/sim/.
Info: Regenerate these scripts whenever you make any change to any Quartus-generated IP in your project.
Info: qsys-generate succeeded.
Info: Finished: Create simulation model
Info: Starting: Create Modelsim Project.
Info: sim-script-gen --system-file=F:\Dropbox\CAAD_Server\MD_RL_Pipeline\Ethan_RL_Pipeline_1st_Order_SingleFloat_18.0\IP_Cores\Int_Mul_Add.ip --output-directory=F:/Dropbox/CAAD_Server/MD_RL_Pipeline/Ethan_RL_Pipeline_1st_Order_SingleFloat_18.0/IP_Cores/Int_Mul_Add/sim/ --use-relative-paths=true
Info: Generating the following file(s) for MODELSIM simulator in F:/Dropbox/CAAD_Server/MD_RL_Pipeline/Ethan_RL_Pipeline_1st_Order_SingleFloat_18.0/IP_Cores/Int_Mul_Add/sim/ directory:
Info: 	mentor/msim_setup.tcl
Info: Generating the following file(s) for RIVIERA simulator in F:/Dropbox/CAAD_Server/MD_RL_Pipeline/Ethan_RL_Pipeline_1st_Order_SingleFloat_18.0/IP_Cores/Int_Mul_Add/sim/ directory:
Info: 	aldec/rivierapro_setup.tcl
Info: For information on how to simulate your IP, see the explanatory comments in the simulator-specific subdirectories under F:/Dropbox/CAAD_Server/MD_RL_Pipeline/Ethan_RL_Pipeline_1st_Order_SingleFloat_18.0/IP_Cores/Int_Mul_Add/sim/.
Info: Regenerate these scripts whenever you make any change to any Quartus-generated IP in your project.
Info: Finished: Create Modelsim Project.
Info: Starting: Create block symbol file (.bsf)
Info: qsys-generate F:\Dropbox\CAAD_Server\MD_RL_Pipeline\Ethan_RL_Pipeline_1st_Order_SingleFloat_18.0\IP_Cores\Int_Mul_Add.ip --block-symbol-file --output-directory=F:\Dropbox\CAAD_Server\MD_RL_Pipeline\Ethan_RL_Pipeline_1st_Order_SingleFloat_18.0\IP_Cores\Int_Mul_Add --family="Stratix 10" --part=1SG280LU2F50E2VG
Info: Int_Mul_Add.mult_add_0: chainout adder operation type is ignored when chainout adder is disabled
Info: qsys-generate succeeded.
Info: Finished: Create block symbol file (.bsf)
Info: 
Info: Starting: Create HDL design files for synthesis
Info: qsys-generate F:\Dropbox\CAAD_Server\MD_RL_Pipeline\Ethan_RL_Pipeline_1st_Order_SingleFloat_18.0\IP_Cores\Int_Mul_Add.ip --synthesis=VERILOG --output-directory=F:\Dropbox\CAAD_Server\MD_RL_Pipeline\Ethan_RL_Pipeline_1st_Order_SingleFloat_18.0\IP_Cores\Int_Mul_Add --family="Stratix 10" --part=1SG280LU2F50E2VG
Info: Int_Mul_Add.mult_add_0: chainout adder operation type is ignored when chainout adder is disabled
Info: Int_Mul_Add: "Transforming system: Int_Mul_Add"
Info: Int_Mul_Add: Running transform generation_view_transform
Info: Int_Mul_Add: Running transform generation_view_transform took 0.000s
Info: mult_add_0: Running transform generation_view_transform
Info: mult_add_0: Running transform generation_view_transform took 0.000s
Info: Int_Mul_Add: Running transform interconnect_transform_chooser
Info: Int_Mul_Add: Running transform interconnect_transform_chooser took 0.012s
Info: Int_Mul_Add: "Naming system components in system: Int_Mul_Add"
Info: Int_Mul_Add: "Processing generation queue"
Info: Int_Mul_Add: "Generating: Int_Mul_Add"
Info: Int_Mul_Add: "Generating: Int_Mul_Add_altera_mult_add_180_7hdzzqq"
Info: mult_add_0: generating top-level entity Int_Mul_Add_altera_mult_add_180_7hdzzqq
Info: Int_Mul_Add: Done "Int_Mul_Add" with 2 modules, 2 files
Info: qsys-generate succeeded.
Info: Finished: Create HDL design files for synthesis
Info: Starting: Generate IP Core Documentation
Info: No documentation filesets were found for components in Int_Mul_Add. No files generated.
Info: Finished: Generate IP Core Documentation
