Info: Generated by version: 18.0 build 219
Info: Starting: Create simulation model
Info: qsys-generate F:\Dropbox\CAAD_Server\MD_RL_Pipeline\Ethan_RL_Pipeline_1st_Order_SingleFloat_18.0\IP_Cores\FIX_DIV.ip --simulation=VERILOG --allow-mixed-language-simulation --output-directory=F:\Dropbox\CAAD_Server\MD_RL_Pipeline\Ethan_RL_Pipeline_1st_Order_SingleFloat_18.0\IP_Cores\FIX_DIV --family="Stratix 10" --part=1SG280LU2F50E2VG
Info: FIX_DIV: "Transforming system: FIX_DIV"
Info: FIX_DIV: Running transform generation_view_transform
Info: FIX_DIV: Running transform generation_view_transform took 0.002s
Info: fxp_functions_0: Running transform generation_view_transform
Info: fxp_functions_0: Running transform generation_view_transform took 0.000s
Info: FIX_DIV: Running transform interconnect_transform_chooser
Info: FIX_DIV: Running transform interconnect_transform_chooser took 0.094s
Info: FIX_DIV: "Naming system components in system: FIX_DIV"
Info: FIX_DIV: "Processing generation queue"
Info: FIX_DIV: "Generating: FIX_DIV"
Info: FIX_DIV: "Generating: FIX_DIV_altera_fxp_functions_180_z7uu2xi"
Info: fxp_functions_0: Latency on Stratix 10 is 50 cycles
Info: fxp_functions_0: DSP Blocks Used: 5
Info: fxp_functions_0: LUTs Used: 1275
Info: fxp_functions_0: Memory Bits Used: 26112
Info: fxp_functions_0: Memory Blocks Used: 4
Info: FIX_DIV: Done "FIX_DIV" with 2 modules, 8 files
Info: Generating the following file(s) for MODELSIM simulator in F:/Dropbox/CAAD_Server/MD_RL_Pipeline/Ethan_RL_Pipeline_1st_Order_SingleFloat_18.0/IP_Cores/FIX_DIV/sim/ directory:
Info: 	common/modelsim_files.tcl
Info: Generating the following file(s) for RIVIERA simulator in F:/Dropbox/CAAD_Server/MD_RL_Pipeline/Ethan_RL_Pipeline_1st_Order_SingleFloat_18.0/IP_Cores/FIX_DIV/sim/ directory:
Info: 	common/riviera_files.tcl
Info: For information on how to simulate your IP, see the explanatory comments in the simulator-specific subdirectories under F:/Dropbox/CAAD_Server/MD_RL_Pipeline/Ethan_RL_Pipeline_1st_Order_SingleFloat_18.0/IP_Cores/FIX_DIV/sim/.
Info: Regenerate these scripts whenever you make any change to any Quartus-generated IP in your project.
Info: qsys-generate succeeded.
Info: Finished: Create simulation model
Info: Starting: Create Modelsim Project.
Info: sim-script-gen --system-file=F:\Dropbox\CAAD_Server\MD_RL_Pipeline\Ethan_RL_Pipeline_1st_Order_SingleFloat_18.0\IP_Cores\FIX_DIV.ip --output-directory=F:/Dropbox/CAAD_Server/MD_RL_Pipeline/Ethan_RL_Pipeline_1st_Order_SingleFloat_18.0/IP_Cores/FIX_DIV/sim/ --use-relative-paths=true
Info: Generating the following file(s) for MODELSIM simulator in F:/Dropbox/CAAD_Server/MD_RL_Pipeline/Ethan_RL_Pipeline_1st_Order_SingleFloat_18.0/IP_Cores/FIX_DIV/sim/ directory:
Info: 	mentor/msim_setup.tcl
Info: Generating the following file(s) for RIVIERA simulator in F:/Dropbox/CAAD_Server/MD_RL_Pipeline/Ethan_RL_Pipeline_1st_Order_SingleFloat_18.0/IP_Cores/FIX_DIV/sim/ directory:
Info: 	aldec/rivierapro_setup.tcl
Info: For information on how to simulate your IP, see the explanatory comments in the simulator-specific subdirectories under F:/Dropbox/CAAD_Server/MD_RL_Pipeline/Ethan_RL_Pipeline_1st_Order_SingleFloat_18.0/IP_Cores/FIX_DIV/sim/.
Info: Regenerate these scripts whenever you make any change to any Quartus-generated IP in your project.
Info: Finished: Create Modelsim Project.
Info: Starting: Create block symbol file (.bsf)
Info: qsys-generate F:\Dropbox\CAAD_Server\MD_RL_Pipeline\Ethan_RL_Pipeline_1st_Order_SingleFloat_18.0\IP_Cores\FIX_DIV.ip --block-symbol-file --output-directory=F:\Dropbox\CAAD_Server\MD_RL_Pipeline\Ethan_RL_Pipeline_1st_Order_SingleFloat_18.0\IP_Cores\FIX_DIV --family="Stratix 10" --part=1SG280LU2F50E2VG
Info: qsys-generate succeeded.
Info: Finished: Create block symbol file (.bsf)
Info: 
Info: Starting: Create HDL design files for synthesis
Info: qsys-generate F:\Dropbox\CAAD_Server\MD_RL_Pipeline\Ethan_RL_Pipeline_1st_Order_SingleFloat_18.0\IP_Cores\FIX_DIV.ip --synthesis=VERILOG --output-directory=F:\Dropbox\CAAD_Server\MD_RL_Pipeline\Ethan_RL_Pipeline_1st_Order_SingleFloat_18.0\IP_Cores\FIX_DIV --family="Stratix 10" --part=1SG280LU2F50E2VG
Info: FIX_DIV: "Transforming system: FIX_DIV"
Info: FIX_DIV: Running transform generation_view_transform
Info: FIX_DIV: Running transform generation_view_transform took 0.000s
Info: fxp_functions_0: Running transform generation_view_transform
Info: fxp_functions_0: Running transform generation_view_transform took 0.000s
Info: FIX_DIV: Running transform interconnect_transform_chooser
Info: FIX_DIV: Running transform interconnect_transform_chooser took 0.011s
Info: FIX_DIV: "Naming system components in system: FIX_DIV"
Info: FIX_DIV: "Processing generation queue"
Info: FIX_DIV: "Generating: FIX_DIV"
Info: FIX_DIV: "Generating: FIX_DIV_altera_fxp_functions_180_z7uu2xi"
Info: fxp_functions_0: Latency on Stratix 10 is 50 cycles
Info: fxp_functions_0: DSP Blocks Used: 5
Info: fxp_functions_0: LUTs Used: 1275
Info: fxp_functions_0: Memory Bits Used: 26112
Info: fxp_functions_0: Memory Blocks Used: 4
Info: FIX_DIV: Done "FIX_DIV" with 2 modules, 8 files
Info: qsys-generate succeeded.
Info: Finished: Create HDL design files for synthesis
Info: Starting: Generate IP Core Documentation
Info: No documentation filesets were found for components in FIX_DIV. No files generated.
Info: Finished: Generate IP Core Documentation
