Info: Generated by version: 18.0 build 219
Info: Starting: Create block symbol file (.bsf)
Info: qsys-generate /home/chunshu/Documents/Legacy/IP_Cores/ForceEval_FIFO/ForceEval_FIFO2.ip --block-symbol-file --output-directory=/home/chunshu/Documents/Legacy/IP_Cores/ForceEval_FIFO/ForceEval_FIFO2 --family="Stratix 10" --part=1SG280LU2F50E2VG
: ForceEval_FIFO2.fifo_0: Targeting device family: Stratix 10.
: ForceEval_FIFO2.fifo_0: Tab: 'DCFIFO 1' is unavailable while using Single-Clock FIFO.
: ForceEval_FIFO2.fifo_0: Tab: 'DCFIFO 2' is unavailable while using Single-Clock FIFO.
Info: qsys-generate succeeded.
Info: Finished: Create block symbol file (.bsf)
Info: 
Info: Starting: Create HDL design files for synthesis
Info: qsys-generate /home/chunshu/Documents/Legacy/IP_Cores/ForceEval_FIFO/ForceEval_FIFO2.ip --synthesis=VERILOG --output-directory=/home/chunshu/Documents/Legacy/IP_Cores/ForceEval_FIFO/ForceEval_FIFO2 --family="Stratix 10" --part=1SG280LU2F50E2VG
: ForceEval_FIFO2.fifo_0: Targeting device family: Stratix 10.
: ForceEval_FIFO2.fifo_0: Tab: 'DCFIFO 1' is unavailable while using Single-Clock FIFO.
: ForceEval_FIFO2.fifo_0: Tab: 'DCFIFO 2' is unavailable while using Single-Clock FIFO.
Info: ForceEval_FIFO2: "Transforming system: ForceEval_FIFO2"
Info: ForceEval_FIFO2: Running transform generation_view_transform
Info: ForceEval_FIFO2: Running transform generation_view_transform took 0.002s
Info: fifo_0: Running transform generation_view_transform
Info: fifo_0: Running transform generation_view_transform took 0.001s
Info: ForceEval_FIFO2: Running transform interconnect_transform_chooser
Info: ForceEval_FIFO2: Running transform interconnect_transform_chooser took 0.068s
Info: ForceEval_FIFO2: "Naming system components in system: ForceEval_FIFO2"
Info: ForceEval_FIFO2: "Processing generation queue"
Info: ForceEval_FIFO2: "Generating: ForceEval_FIFO2"
Info: ForceEval_FIFO2: "Generating: ForceEval_FIFO2_fifo_180_gtemmma"
Info: ForceEval_FIFO2: Done "ForceEval_FIFO2" with 2 modules, 2 files
Info: qsys-generate succeeded.
Info: Finished: Create HDL design files for synthesis
Info: Starting: Generate IP Core Documentation
Info: No documentation filesets were found for components in ForceEval_FIFO2. No files generated.
Info: Finished: Generate IP Core Documentation
