Info: Generated by version: 18.0 build 219
Info: Starting: Create simulation model
Info: qsys-generate /home/vsachde/Dropbox/CAAD_Server/MD_RL_Pipeline/Ethan_RL_Pipeline_1st_Order_SingleFloat_18.0/CTRL_START.ip --simulation=VERILOG --allow-mixed-language-simulation --output-directory=/home/vsachde/Dropbox/CAAD_Server/MD_RL_Pipeline/Ethan_RL_Pipeline_1st_Order_SingleFloat_18.0/CTRL_START --family="Stratix 10" --part=1SG280LU2F50E2VG
: CTRL_START.ram_1port_0: Targeting device family: Stratix 10.
Info: CTRL_START: "Transforming system: CTRL_START"
Info: CTRL_START: Running transform generation_view_transform
Info: CTRL_START: Running transform generation_view_transform took 0.001s
Info: ram_1port_0: Running transform generation_view_transform
Info: ram_1port_0: Running transform generation_view_transform took 0.000s
Info: CTRL_START: Running transform interconnect_transform_chooser
Info: CTRL_START: Running transform interconnect_transform_chooser took 0.050s
Info: CTRL_START: "Naming system components in system: CTRL_START"
Info: CTRL_START: "Processing generation queue"
Info: CTRL_START: "Generating: CTRL_START"
Info: CTRL_START: "Generating: CTRL_START_ram_1port_180_uhhnf6q"
Info: CTRL_START: Done "CTRL_START" with 2 modules, 2 files
Info: Generating the following file(s) for MODELSIM simulator in /home/vsachde/Dropbox/CAAD_Server/MD_RL_Pipeline/Ethan_RL_Pipeline_1st_Order_SingleFloat_18.0/CTRL_START/sim/ directory:
Info: 	common/modelsim_files.tcl
Info: Generating the following file(s) for VCSMX simulator in /home/vsachde/Dropbox/CAAD_Server/MD_RL_Pipeline/Ethan_RL_Pipeline_1st_Order_SingleFloat_18.0/CTRL_START/sim/ directory:
Info: 	common/vcsmx_files.tcl
Info: Generating the following file(s) for VCS simulator in /home/vsachde/Dropbox/CAAD_Server/MD_RL_Pipeline/Ethan_RL_Pipeline_1st_Order_SingleFloat_18.0/CTRL_START/sim/ directory:
Info: 	common/vcs_files.tcl
Info: Generating the following file(s) for RIVIERA simulator in /home/vsachde/Dropbox/CAAD_Server/MD_RL_Pipeline/Ethan_RL_Pipeline_1st_Order_SingleFloat_18.0/CTRL_START/sim/ directory:
Info: 	common/riviera_files.tcl
Info: Generating the following file(s) for NCSIM simulator in /home/vsachde/Dropbox/CAAD_Server/MD_RL_Pipeline/Ethan_RL_Pipeline_1st_Order_SingleFloat_18.0/CTRL_START/sim/ directory:
Info: 	common/ncsim_files.tcl
Info: Generating the following file(s) for XCELIUM simulator in /home/vsachde/Dropbox/CAAD_Server/MD_RL_Pipeline/Ethan_RL_Pipeline_1st_Order_SingleFloat_18.0/CTRL_START/sim/ directory:
Info: 	common/xcelium_files.tcl
Info: For information on how to simulate your IP, see the explanatory comments in the simulator-specific subdirectories under /home/vsachde/Dropbox/CAAD_Server/MD_RL_Pipeline/Ethan_RL_Pipeline_1st_Order_SingleFloat_18.0/CTRL_START/sim/.
Info: Regenerate these scripts whenever you make any change to any Quartus-generated IP in your project.
Info: qsys-generate succeeded.
Info: Finished: Create simulation model
Info: Starting: Create Modelsim Project.
Info: sim-script-gen --system-file=/home/vsachde/Dropbox/CAAD_Server/MD_RL_Pipeline/Ethan_RL_Pipeline_1st_Order_SingleFloat_18.0/CTRL_START.ip --output-directory=/home/vsachde/Dropbox/CAAD_Server/MD_RL_Pipeline/Ethan_RL_Pipeline_1st_Order_SingleFloat_18.0/CTRL_START/sim/ --use-relative-paths=true
Info: Generating the following file(s) for MODELSIM simulator in /home/vsachde/Dropbox/CAAD_Server/MD_RL_Pipeline/Ethan_RL_Pipeline_1st_Order_SingleFloat_18.0/CTRL_START/sim/ directory:
Info: 	mentor/msim_setup.tcl
Info: Generating the following file(s) for VCSMX simulator in /home/vsachde/Dropbox/CAAD_Server/MD_RL_Pipeline/Ethan_RL_Pipeline_1st_Order_SingleFloat_18.0/CTRL_START/sim/ directory:
Info: 	synopsys/vcsmx/synopsys_sim.setup
Info: 	synopsys/vcsmx/vcsmx_setup.sh
Info: Generating the following file(s) for VCS simulator in /home/vsachde/Dropbox/CAAD_Server/MD_RL_Pipeline/Ethan_RL_Pipeline_1st_Order_SingleFloat_18.0/CTRL_START/sim/ directory:
Info: 	synopsys/vcs/vcs_setup.sh
Info: Generating the following file(s) for RIVIERA simulator in /home/vsachde/Dropbox/CAAD_Server/MD_RL_Pipeline/Ethan_RL_Pipeline_1st_Order_SingleFloat_18.0/CTRL_START/sim/ directory:
Info: 	aldec/rivierapro_setup.tcl
Info: Generating the following file(s) for NCSIM simulator in /home/vsachde/Dropbox/CAAD_Server/MD_RL_Pipeline/Ethan_RL_Pipeline_1st_Order_SingleFloat_18.0/CTRL_START/sim/ directory:
Info: 	cadence/cds.lib
Info: 	cadence/hdl.var
Info: 	cadence/ncsim_setup.sh
Info: 	2 .cds.lib files in cadence/cds_libs/ directory
Info: Generating the following file(s) for XCELIUM simulator in /home/vsachde/Dropbox/CAAD_Server/MD_RL_Pipeline/Ethan_RL_Pipeline_1st_Order_SingleFloat_18.0/CTRL_START/sim/ directory:
Info: 	xcelium/cds.lib
Info: 	xcelium/hdl.var
Info: 	xcelium/xcelium_setup.sh
Info: 	2 .cds.lib files in xcelium/cds_libs/ directory
Info: For information on how to simulate your IP, see the explanatory comments in the simulator-specific subdirectories under /home/vsachde/Dropbox/CAAD_Server/MD_RL_Pipeline/Ethan_RL_Pipeline_1st_Order_SingleFloat_18.0/CTRL_START/sim/.
Info: Regenerate these scripts whenever you make any change to any Quartus-generated IP in your project.
Info: Finished: Create Modelsim Project.
Info: Starting: Create block symbol file (.bsf)
Info: qsys-generate /home/vsachde/Dropbox/CAAD_Server/MD_RL_Pipeline/Ethan_RL_Pipeline_1st_Order_SingleFloat_18.0/CTRL_START.ip --block-symbol-file --output-directory=/home/vsachde/Dropbox/CAAD_Server/MD_RL_Pipeline/Ethan_RL_Pipeline_1st_Order_SingleFloat_18.0/CTRL_START --family="Stratix 10" --part=1SG280LU2F50E2VG
: CTRL_START.ram_1port_0: Targeting device family: Stratix 10.
Info: qsys-generate succeeded.
Info: Finished: Create block symbol file (.bsf)
Info: 
Info: Starting: Create HDL design files for synthesis
Info: qsys-generate /home/vsachde/Dropbox/CAAD_Server/MD_RL_Pipeline/Ethan_RL_Pipeline_1st_Order_SingleFloat_18.0/CTRL_START.ip --synthesis=VERILOG --output-directory=/home/vsachde/Dropbox/CAAD_Server/MD_RL_Pipeline/Ethan_RL_Pipeline_1st_Order_SingleFloat_18.0/CTRL_START --family="Stratix 10" --part=1SG280LU2F50E2VG
: CTRL_START.ram_1port_0: Targeting device family: Stratix 10.
Info: CTRL_START: "Transforming system: CTRL_START"
Info: CTRL_START: Running transform generation_view_transform
Info: CTRL_START: Running transform generation_view_transform took 0.000s
Info: ram_1port_0: Running transform generation_view_transform
Info: ram_1port_0: Running transform generation_view_transform took 0.000s
Info: CTRL_START: Running transform interconnect_transform_chooser
Info: CTRL_START: Running transform interconnect_transform_chooser took 0.008s
Info: CTRL_START: "Naming system components in system: CTRL_START"
Info: CTRL_START: "Processing generation queue"
Info: CTRL_START: "Generating: CTRL_START"
Info: CTRL_START: "Generating: CTRL_START_ram_1port_180_uhhnf6q"
Info: CTRL_START: Done "CTRL_START" with 2 modules, 2 files
Info: qsys-generate succeeded.
Info: Finished: Create HDL design files for synthesis
Info: Starting: Generate IP Core Documentation
Info: No documentation filesets were found for components in CTRL_START. No files generated.
Info: Finished: Generate IP Core Documentation
