Info: Generated by version: 18.0 build 219
Info: Starting: Create simulation model
Info: qsys-generate "F:\Dropbox (BOSTON UNIVERSITY)\CAAD_Server\MD_RL_Pipeline\Ethan_RL_Pipeline_1st_Order_SingleFloat_18.0\INPUT_PLL.ip" --simulation=VERILOG --allow-mixed-language-simulation --output-directory="F:\Dropbox (BOSTON UNIVERSITY)\CAAD_Server\MD_RL_Pipeline\Ethan_RL_Pipeline_1st_Order_SingleFloat_18.0\INPUT_PLL" --family="Stratix 10" --part=1SG280LU2F50E2VG
Info: INPUT_PLL.iopll_0: Able to implement PLL with user settings
Info: INPUT_PLL: "Transforming system: INPUT_PLL"
Info: INPUT_PLL: Running transform generation_view_transform
Info: INPUT_PLL: Running transform generation_view_transform took 0.001s
Info: iopll_0: Running transform generation_view_transform
Info: iopll_0: Running transform generation_view_transform took 0.000s
Info: INPUT_PLL: Running transform interconnect_transform_chooser
Info: INPUT_PLL: Running transform interconnect_transform_chooser took 0.100s
Info: INPUT_PLL: "Naming system components in system: INPUT_PLL"
Info: INPUT_PLL: "Processing generation queue"
Info: INPUT_PLL: "Generating: INPUT_PLL"
Info: INPUT_PLL: "Generating: INPUT_PLL_altera_iopll_180_ojuwjmy"
Info: INPUT_PLL: Done "INPUT_PLL" with 2 modules, 3 files
Info: Generating the following file(s) for MODELSIM simulator in F:/Dropbox (BOSTON UNIVERSITY)/CAAD_Server/MD_RL_Pipeline/Ethan_RL_Pipeline_1st_Order_SingleFloat_18.0/INPUT_PLL/sim/ directory:
Info: 	common/modelsim_files.tcl
Info: Generating the following file(s) for RIVIERA simulator in F:/Dropbox (BOSTON UNIVERSITY)/CAAD_Server/MD_RL_Pipeline/Ethan_RL_Pipeline_1st_Order_SingleFloat_18.0/INPUT_PLL/sim/ directory:
Info: 	common/riviera_files.tcl
Info: For information on how to simulate your IP, see the explanatory comments in the simulator-specific subdirectories under F:/Dropbox (BOSTON UNIVERSITY)/CAAD_Server/MD_RL_Pipeline/Ethan_RL_Pipeline_1st_Order_SingleFloat_18.0/INPUT_PLL/sim/.
Info: Regenerate these scripts whenever you make any change to any Quartus-generated IP in your project.
Info: qsys-generate succeeded.
Info: Finished: Create simulation model
Info: Starting: Create Modelsim Project.
Info: sim-script-gen --system-file="F:\Dropbox (BOSTON UNIVERSITY)\CAAD_Server\MD_RL_Pipeline\Ethan_RL_Pipeline_1st_Order_SingleFloat_18.0\INPUT_PLL.ip" --output-directory="F:/Dropbox (BOSTON UNIVERSITY)/CAAD_Server/MD_RL_Pipeline/Ethan_RL_Pipeline_1st_Order_SingleFloat_18.0/INPUT_PLL/sim/" --use-relative-paths=true
Info: Generating the following file(s) for MODELSIM simulator in F:/Dropbox (BOSTON UNIVERSITY)/CAAD_Server/MD_RL_Pipeline/Ethan_RL_Pipeline_1st_Order_SingleFloat_18.0/INPUT_PLL/sim/ directory:
Info: 	mentor/msim_setup.tcl
Info: Generating the following file(s) for RIVIERA simulator in F:/Dropbox (BOSTON UNIVERSITY)/CAAD_Server/MD_RL_Pipeline/Ethan_RL_Pipeline_1st_Order_SingleFloat_18.0/INPUT_PLL/sim/ directory:
Info: 	aldec/rivierapro_setup.tcl
Info: For information on how to simulate your IP, see the explanatory comments in the simulator-specific subdirectories under F:/Dropbox (BOSTON UNIVERSITY)/CAAD_Server/MD_RL_Pipeline/Ethan_RL_Pipeline_1st_Order_SingleFloat_18.0/INPUT_PLL/sim/.
Info: Regenerate these scripts whenever you make any change to any Quartus-generated IP in your project.
Info: Finished: Create Modelsim Project.
Info: Starting: Create block symbol file (.bsf)
Info: qsys-generate "F:\Dropbox (BOSTON UNIVERSITY)\CAAD_Server\MD_RL_Pipeline\Ethan_RL_Pipeline_1st_Order_SingleFloat_18.0\INPUT_PLL.ip" --block-symbol-file --output-directory="F:\Dropbox (BOSTON UNIVERSITY)\CAAD_Server\MD_RL_Pipeline\Ethan_RL_Pipeline_1st_Order_SingleFloat_18.0\INPUT_PLL" --family="Stratix 10" --part=1SG280LU2F50E2VG
Info: INPUT_PLL.iopll_0: Able to implement PLL with user settings
Info: qsys-generate succeeded.
Info: Finished: Create block symbol file (.bsf)
Info: 
Info: Starting: Create HDL design files for synthesis
Info: qsys-generate "F:\Dropbox (BOSTON UNIVERSITY)\CAAD_Server\MD_RL_Pipeline\Ethan_RL_Pipeline_1st_Order_SingleFloat_18.0\INPUT_PLL.ip" --synthesis=VERILOG --output-directory="F:\Dropbox (BOSTON UNIVERSITY)\CAAD_Server\MD_RL_Pipeline\Ethan_RL_Pipeline_1st_Order_SingleFloat_18.0\INPUT_PLL" --family="Stratix 10" --part=1SG280LU2F50E2VG
Info: INPUT_PLL.iopll_0: Able to implement PLL with user settings
Info: INPUT_PLL: "Transforming system: INPUT_PLL"
Info: INPUT_PLL: Running transform generation_view_transform
Info: INPUT_PLL: Running transform generation_view_transform took 0.000s
Info: iopll_0: Running transform generation_view_transform
Info: iopll_0: Running transform generation_view_transform took 0.000s
Info: INPUT_PLL: Running transform interconnect_transform_chooser
Info: INPUT_PLL: Running transform interconnect_transform_chooser took 0.014s
Info: INPUT_PLL: "Naming system components in system: INPUT_PLL"
Info: INPUT_PLL: "Processing generation queue"
Info: INPUT_PLL: "Generating: INPUT_PLL"
Info: INPUT_PLL: "Generating: INPUT_PLL_altera_iopll_180_ojuwjmy"
Info: INPUT_PLL: Done "INPUT_PLL" with 2 modules, 6 files
Info: qsys-generate succeeded.
Info: Finished: Create HDL design files for synthesis
