Info: Generated by version: 18.0 build 219
Info: Starting: Create simulation model
Info: qsys-generate F:\Dropbox\CAAD_Server\MD_RL_Pipeline\Ethan_RL_Pipeline_1st_Order_SingleFloat_18.0\IP_Cores\FIX_ADD.ip --simulation=VERILOG --allow-mixed-language-simulation --output-directory=F:\Dropbox\CAAD_Server\MD_RL_Pipeline\Ethan_RL_Pipeline_1st_Order_SingleFloat_18.0\IP_Cores\FIX_ADD --family="Stratix 10" --part=1SG280LU2F50E2VG
Info: FIX_ADD: "Transforming system: FIX_ADD"
Info: FIX_ADD: Running transform generation_view_transform
Info: FIX_ADD: Running transform generation_view_transform took 0.001s
Info: fxp_functions_0: Running transform generation_view_transform
Info: fxp_functions_0: Running transform generation_view_transform took 0.000s
Info: FIX_ADD: Running transform interconnect_transform_chooser
Info: FIX_ADD: Running transform interconnect_transform_chooser took 0.078s
Info: FIX_ADD: "Naming system components in system: FIX_ADD"
Info: FIX_ADD: "Processing generation queue"
Info: FIX_ADD: "Generating: FIX_ADD"
Info: FIX_ADD: "Generating: FIX_ADD_altera_fxp_functions_180_4lk6zii"
Info: fxp_functions_0: Latency on Stratix 10 is 1 cycle
Info: fxp_functions_0: DSP Blocks Used: 0
Info: fxp_functions_0: LUTs Used: 32
Info: fxp_functions_0: Memory Bits Used: 0
Info: fxp_functions_0: Memory Blocks Used: 0
Info: FIX_ADD: Done "FIX_ADD" with 2 modules, 4 files
Info: Generating the following file(s) for MODELSIM simulator in F:/Dropbox/CAAD_Server/MD_RL_Pipeline/Ethan_RL_Pipeline_1st_Order_SingleFloat_18.0/IP_Cores/FIX_ADD/sim/ directory:
Info: 	common/modelsim_files.tcl
Info: Generating the following file(s) for RIVIERA simulator in F:/Dropbox/CAAD_Server/MD_RL_Pipeline/Ethan_RL_Pipeline_1st_Order_SingleFloat_18.0/IP_Cores/FIX_ADD/sim/ directory:
Info: 	common/riviera_files.tcl
Info: For information on how to simulate your IP, see the explanatory comments in the simulator-specific subdirectories under F:/Dropbox/CAAD_Server/MD_RL_Pipeline/Ethan_RL_Pipeline_1st_Order_SingleFloat_18.0/IP_Cores/FIX_ADD/sim/.
Info: Regenerate these scripts whenever you make any change to any Quartus-generated IP in your project.
Info: qsys-generate succeeded.
Info: Finished: Create simulation model
Info: Starting: Create Modelsim Project.
Info: sim-script-gen --system-file=F:\Dropbox\CAAD_Server\MD_RL_Pipeline\Ethan_RL_Pipeline_1st_Order_SingleFloat_18.0\IP_Cores\FIX_ADD.ip --output-directory=F:/Dropbox/CAAD_Server/MD_RL_Pipeline/Ethan_RL_Pipeline_1st_Order_SingleFloat_18.0/IP_Cores/FIX_ADD/sim/ --use-relative-paths=true
Info: Generating the following file(s) for MODELSIM simulator in F:/Dropbox/CAAD_Server/MD_RL_Pipeline/Ethan_RL_Pipeline_1st_Order_SingleFloat_18.0/IP_Cores/FIX_ADD/sim/ directory:
Info: 	mentor/msim_setup.tcl
Info: Generating the following file(s) for RIVIERA simulator in F:/Dropbox/CAAD_Server/MD_RL_Pipeline/Ethan_RL_Pipeline_1st_Order_SingleFloat_18.0/IP_Cores/FIX_ADD/sim/ directory:
Info: 	aldec/rivierapro_setup.tcl
Info: For information on how to simulate your IP, see the explanatory comments in the simulator-specific subdirectories under F:/Dropbox/CAAD_Server/MD_RL_Pipeline/Ethan_RL_Pipeline_1st_Order_SingleFloat_18.0/IP_Cores/FIX_ADD/sim/.
Info: Regenerate these scripts whenever you make any change to any Quartus-generated IP in your project.
Info: Finished: Create Modelsim Project.
Info: Starting: Create block symbol file (.bsf)
Info: qsys-generate F:\Dropbox\CAAD_Server\MD_RL_Pipeline\Ethan_RL_Pipeline_1st_Order_SingleFloat_18.0\IP_Cores\FIX_ADD.ip --block-symbol-file --output-directory=F:\Dropbox\CAAD_Server\MD_RL_Pipeline\Ethan_RL_Pipeline_1st_Order_SingleFloat_18.0\IP_Cores\FIX_ADD --family="Stratix 10" --part=1SG280LU2F50E2VG
Info: qsys-generate succeeded.
Info: Finished: Create block symbol file (.bsf)
Info: 
Info: Starting: Create HDL design files for synthesis
Info: qsys-generate F:\Dropbox\CAAD_Server\MD_RL_Pipeline\Ethan_RL_Pipeline_1st_Order_SingleFloat_18.0\IP_Cores\FIX_ADD.ip --synthesis=VERILOG --output-directory=F:\Dropbox\CAAD_Server\MD_RL_Pipeline\Ethan_RL_Pipeline_1st_Order_SingleFloat_18.0\IP_Cores\FIX_ADD --family="Stratix 10" --part=1SG280LU2F50E2VG
Info: FIX_ADD: "Transforming system: FIX_ADD"
Info: FIX_ADD: Running transform generation_view_transform
Info: FIX_ADD: Running transform generation_view_transform took 0.000s
Info: fxp_functions_0: Running transform generation_view_transform
Info: fxp_functions_0: Running transform generation_view_transform took 0.000s
Info: FIX_ADD: Running transform interconnect_transform_chooser
Info: FIX_ADD: Running transform interconnect_transform_chooser took 0.012s
Info: FIX_ADD: "Naming system components in system: FIX_ADD"
Info: FIX_ADD: "Processing generation queue"
Info: FIX_ADD: "Generating: FIX_ADD"
Info: FIX_ADD: "Generating: FIX_ADD_altera_fxp_functions_180_4lk6zii"
Info: fxp_functions_0: Latency on Stratix 10 is 1 cycle
Info: fxp_functions_0: DSP Blocks Used: 0
Info: fxp_functions_0: LUTs Used: 32
Info: fxp_functions_0: Memory Bits Used: 0
Info: fxp_functions_0: Memory Blocks Used: 0
Info: FIX_ADD: Done "FIX_ADD" with 2 modules, 4 files
Info: qsys-generate succeeded.
Info: Finished: Create HDL design files for synthesis
Info: Starting: Generate IP Core Documentation
Info: No documentation filesets were found for components in FIX_ADD. No files generated.
Info: Finished: Generate IP Core Documentation
