Info: Generated by version: 18.0 build 219
Info: Starting: Create simulation model
Info: qsys-generate /home/chunshu/Documents/Legacy/IP_Cores/ForceEval_FIFO/ForceEval_FIFO.ip --simulation=VERILOG --allow-mixed-language-simulation --output-directory=/home/chunshu/Documents/Legacy/IP_Cores/ForceEval_FIFO/ForceEval_FIFO --family="Stratix 10" --part=1SG280LU2F50E2VG
: ForceEval_FIFO.fifo_0: Targeting device family: Stratix 10.
: ForceEval_FIFO.fifo_0: Tab: 'DCFIFO 1' is unavailable while using Single-Clock FIFO.
: ForceEval_FIFO.fifo_0: Tab: 'DCFIFO 2' is unavailable while using Single-Clock FIFO.
Info: ForceEval_FIFO: "Transforming system: ForceEval_FIFO"
Info: ForceEval_FIFO: Running transform generation_view_transform
Info: ForceEval_FIFO: Running transform generation_view_transform took 0.001s
Info: fifo_0: Running transform generation_view_transform
Info: fifo_0: Running transform generation_view_transform took 0.000s
Info: ForceEval_FIFO: Running transform interconnect_transform_chooser
Info: ForceEval_FIFO: Running transform interconnect_transform_chooser took 0.069s
Info: ForceEval_FIFO: "Naming system components in system: ForceEval_FIFO"
Info: ForceEval_FIFO: "Processing generation queue"
Info: ForceEval_FIFO: "Generating: ForceEval_FIFO"
Info: ForceEval_FIFO: "Generating: ForceEval_FIFO_fifo_180_zggjfyi"
Info: ForceEval_FIFO: Done "ForceEval_FIFO" with 2 modules, 2 files
Info: Generating the following file(s) for MODELSIM simulator in /home/chunshu/Documents/Legacy/IP_Cores/ForceEval_FIFO/ForceEval_FIFO/sim/ directory:
Info: 	common/modelsim_files.tcl
Info: Generating the following file(s) for VCSMX simulator in /home/chunshu/Documents/Legacy/IP_Cores/ForceEval_FIFO/ForceEval_FIFO/sim/ directory:
Info: 	common/vcsmx_files.tcl
Info: Generating the following file(s) for VCS simulator in /home/chunshu/Documents/Legacy/IP_Cores/ForceEval_FIFO/ForceEval_FIFO/sim/ directory:
Info: 	common/vcs_files.tcl
Info: Generating the following file(s) for RIVIERA simulator in /home/chunshu/Documents/Legacy/IP_Cores/ForceEval_FIFO/ForceEval_FIFO/sim/ directory:
Info: 	common/riviera_files.tcl
Info: Generating the following file(s) for NCSIM simulator in /home/chunshu/Documents/Legacy/IP_Cores/ForceEval_FIFO/ForceEval_FIFO/sim/ directory:
Info: 	common/ncsim_files.tcl
Info: Generating the following file(s) for XCELIUM simulator in /home/chunshu/Documents/Legacy/IP_Cores/ForceEval_FIFO/ForceEval_FIFO/sim/ directory:
Info: 	common/xcelium_files.tcl
Info: For information on how to simulate your IP, see the explanatory comments in the simulator-specific subdirectories under /home/chunshu/Documents/Legacy/IP_Cores/ForceEval_FIFO/ForceEval_FIFO/sim/.
Info: Regenerate these scripts whenever you make any change to any Quartus-generated IP in your project.
Info: qsys-generate succeeded.
Info: Finished: Create simulation model
Info: Starting: Create Modelsim Project.
Info: sim-script-gen --system-file=/home/chunshu/Documents/Legacy/IP_Cores/ForceEval_FIFO/ForceEval_FIFO.ip --output-directory=/home/chunshu/Documents/Legacy/IP_Cores/ForceEval_FIFO/ForceEval_FIFO/sim/ --use-relative-paths=true
Info: Generating the following file(s) for MODELSIM simulator in /home/chunshu/Documents/Legacy/IP_Cores/ForceEval_FIFO/ForceEval_FIFO/sim/ directory:
Info: 	mentor/msim_setup.tcl
Info: Generating the following file(s) for VCSMX simulator in /home/chunshu/Documents/Legacy/IP_Cores/ForceEval_FIFO/ForceEval_FIFO/sim/ directory:
Info: 	synopsys/vcsmx/synopsys_sim.setup
Info: 	synopsys/vcsmx/vcsmx_setup.sh
Info: Generating the following file(s) for VCS simulator in /home/chunshu/Documents/Legacy/IP_Cores/ForceEval_FIFO/ForceEval_FIFO/sim/ directory:
Info: 	synopsys/vcs/vcs_setup.sh
Info: Generating the following file(s) for RIVIERA simulator in /home/chunshu/Documents/Legacy/IP_Cores/ForceEval_FIFO/ForceEval_FIFO/sim/ directory:
Info: 	aldec/rivierapro_setup.tcl
Info: Generating the following file(s) for NCSIM simulator in /home/chunshu/Documents/Legacy/IP_Cores/ForceEval_FIFO/ForceEval_FIFO/sim/ directory:
Info: 	cadence/cds.lib
Info: 	cadence/hdl.var
Info: 	cadence/ncsim_setup.sh
Info: 	2 .cds.lib files in cadence/cds_libs/ directory
Info: Generating the following file(s) for XCELIUM simulator in /home/chunshu/Documents/Legacy/IP_Cores/ForceEval_FIFO/ForceEval_FIFO/sim/ directory:
Info: 	xcelium/cds.lib
Info: 	xcelium/hdl.var
Info: 	xcelium/xcelium_setup.sh
Info: 	2 .cds.lib files in xcelium/cds_libs/ directory
Info: For information on how to simulate your IP, see the explanatory comments in the simulator-specific subdirectories under /home/chunshu/Documents/Legacy/IP_Cores/ForceEval_FIFO/ForceEval_FIFO/sim/.
Info: Regenerate these scripts whenever you make any change to any Quartus-generated IP in your project.
Info: Finished: Create Modelsim Project.
Info: Starting: Create block symbol file (.bsf)
Info: qsys-generate /home/chunshu/Documents/Legacy/IP_Cores/ForceEval_FIFO/ForceEval_FIFO.ip --block-symbol-file --output-directory=/home/chunshu/Documents/Legacy/IP_Cores/ForceEval_FIFO/ForceEval_FIFO --family="Stratix 10" --part=1SG280LU2F50E2VG
: ForceEval_FIFO.fifo_0: Targeting device family: Stratix 10.
: ForceEval_FIFO.fifo_0: Tab: 'DCFIFO 1' is unavailable while using Single-Clock FIFO.
: ForceEval_FIFO.fifo_0: Tab: 'DCFIFO 2' is unavailable while using Single-Clock FIFO.
Info: qsys-generate succeeded.
Info: Finished: Create block symbol file (.bsf)
Info: 
Info: Starting: Create HDL design files for synthesis
Info: qsys-generate /home/chunshu/Documents/Legacy/IP_Cores/ForceEval_FIFO/ForceEval_FIFO.ip --synthesis=VERILOG --output-directory=/home/chunshu/Documents/Legacy/IP_Cores/ForceEval_FIFO/ForceEval_FIFO --family="Stratix 10" --part=1SG280LU2F50E2VG
: ForceEval_FIFO.fifo_0: Targeting device family: Stratix 10.
: ForceEval_FIFO.fifo_0: Tab: 'DCFIFO 1' is unavailable while using Single-Clock FIFO.
: ForceEval_FIFO.fifo_0: Tab: 'DCFIFO 2' is unavailable while using Single-Clock FIFO.
Info: ForceEval_FIFO: "Transforming system: ForceEval_FIFO"
Info: ForceEval_FIFO: Running transform generation_view_transform
Info: ForceEval_FIFO: Running transform generation_view_transform took 0.000s
Info: fifo_0: Running transform generation_view_transform
Info: fifo_0: Running transform generation_view_transform took 0.000s
Info: ForceEval_FIFO: Running transform interconnect_transform_chooser
Info: ForceEval_FIFO: Running transform interconnect_transform_chooser took 0.008s
Info: ForceEval_FIFO: "Naming system components in system: ForceEval_FIFO"
Info: ForceEval_FIFO: "Processing generation queue"
Info: ForceEval_FIFO: "Generating: ForceEval_FIFO"
Info: ForceEval_FIFO: "Generating: ForceEval_FIFO_fifo_180_zggjfyi"
Info: ForceEval_FIFO: Done "ForceEval_FIFO" with 2 modules, 2 files
Info: qsys-generate succeeded.
Info: Finished: Create HDL design files for synthesis
Info: Starting: Generate IP Core Documentation
Info: No documentation filesets were found for components in ForceEval_FIFO. No files generated.
Info: Finished: Generate IP Core Documentation
